<?xml version="1.0" encoding="UTF-8"?>
<!-- Generated by org.testng.reporters.JUnitReportReporter -->
<testsuite hostname="sheezas-MacBook-Air.local" failures="0" tests="5" name="TestNGPack.DataProviderClass" time="0.018" errors="0" timestamp="2024-07-03T10:25:02 PDT" skipped="0">
  <testcase classname="TestNGPack.DataProviderClass" name="carloan" time="0.002"/>
  <system-out/>
  <testcase classname="TestNGPack.DataProviderClass" name="carloan" time="0.002"/>
  <system-out/>
  <testcase classname="TestNGPack.DataProviderClass" name="carloan" time="0.001"/>
  <system-out/>
  <testcase classname="TestNGPack.DataProviderClass" name="carloan" time="0.003"/>
  <system-out/>
  <testcase classname="TestNGPack.DataProviderClass" name="carloan" time="0.010"/>
  <system-out/>
</testsuite> <!-- TestNGPack.DataProviderClass -->
