<?xml version="1.0" encoding="UTF-8"?>
<!-- Generated by org.testng.reporters.JUnitReportReporter -->
<testsuite hostname="sheezas-MacBook-Air.local" failures="0" tests="4" name="TestNGPack.Depends" time="0.013" errors="0" timestamp="2024-07-03T10:02:40 PDT" skipped="1">
  <testcase classname="TestNGPack.Depends" name="credentials" time="0.002"/>
  <system-out/>
  <testcase classname="TestNGPack.Depends" name="carLoan3" time="0.009"/>
  <system-out/>
  <testcase classname="TestNGPack.Depends" name="carLoan" time="0.002"/>
  <system-out/>
  <testcase classname="TestNGPack.Depends" name="carLoan2">
    <skipped/>
  </testcase> <!-- carLoan2 -->
  <system-out/>
</testsuite> <!-- TestNGPack.Depends -->
