<?xml version="1.0" encoding="UTF-8"?>
<!-- Generated by org.testng.reporters.JUnitReportReporter -->
<testsuite hostname="sheezas-MacBook-Air.local" failures="0" tests="1" name="TestNGPack.Test5" time="0.002" errors="0" timestamp="2024-07-03T10:02:40 PDT" skipped="0">
  <testcase classname="TestNGPack.Test5" name="Test78" time="0.002"/>
  <system-out/>
</testsuite> <!-- TestNGPack.Test5 -->
