<?xml version="1.0" encoding="UTF-8"?>
<!-- Generated by org.testng.reporters.JUnitReportReporter -->
<testsuite hostname="sheezas-MacBook-Air.local" failures="0" tests="1" name="TestNGPack.PropertiesClass" time="0.040" errors="0" timestamp="2024-07-09T10:20:33 PDT" skipped="0">
  <testcase classname="TestNGPack.PropertiesClass" name="propertiesTest" time="0.040"/>
  <system-out/>
</testsuite> <!-- TestNGPack.PropertiesClass -->
