<?xml version="1.0" encoding="UTF-8"?>
<!-- Generated by org.testng.reporters.JUnitReportReporter -->
<testsuite hostname="sheezas-MacBook-Air.local" failures="0" tests="1" name="TestNGPack.Screenshot1" time="9.192" errors="0" timestamp="2024-07-05T10:40:05 PDT" skipped="0">
  <testcase classname="TestNGPack.Screenshot1" name="scrnshottest" time="9.192"/>
  <system-out/>
</testsuite> <!-- TestNGPack.Screenshot1 -->
