<?xml version="1.0" encoding="UTF-8"?>
<!-- Generated by org.testng.reporters.JUnitReportReporter -->
<testsuite hostname="sheezas-MacBook-Air.local" failures="0" tests="3" name="TestNGPack.Test1" time="0.019" errors="0" timestamp="2024-07-25T21:32:11 PDT" skipped="0">
  <testcase classname="TestNGPack.Test1" name="test13" time="0.004"/>
  <system-out/>
  <testcase classname="TestNGPack.Test1" name="test11" time="0.014"/>
  <system-out/>
  <testcase classname="TestNGPack.Test1" name="test12" time="0.001"/>
  <system-out/>
</testsuite> <!-- TestNGPack.Test1 -->
