<?xml version="1.0" encoding="UTF-8"?>
<!-- Generated by org.testng.reporters.JUnitReportReporter -->
<testsuite hostname="sheezas-MacBook-Air.local" failures="0" tests="4" name="TestNGPack.Test4" time="0.023" errors="0" timestamp="2024-07-05T10:00:03 PDT" skipped="0">
  <testcase classname="TestNGPack.Test4" name="test34" time="0.000"/>
  <system-out/>
  <testcase classname="TestNGPack.Test4" name="test31" time="0.016"/>
  <system-out/>
  <testcase classname="TestNGPack.Test4" name="test32" time="0.000"/>
  <system-out/>
  <testcase classname="TestNGPack.Test4" name="test33" time="0.007"/>
  <system-out/>
</testsuite> <!-- TestNGPack.Test4 -->
