<?xml version="1.0" encoding="UTF-8"?>
<!-- Generated by org.testng.reporters.JUnitReportReporter -->
<testsuite hostname="sheezas-MacBook-Air.local" failures="0" tests="3" name="TestNGPack.Test3" time="0.013" errors="0" timestamp="2024-07-05T10:00:03 PDT" skipped="0">
  <testcase classname="TestNGPack.Test3" name="test42" time="0.009"/>
  <system-out/>
  <testcase classname="TestNGPack.Test3" name="test43" time="0.002"/>
  <system-out/>
  <testcase classname="TestNGPack.Test3" name="test44" time="0.002"/>
  <system-out/>
</testsuite> <!-- TestNGPack.Test3 -->
